The system is: Linux - 4.10.0-38-generic - x86_64
Compiling the C compiler identification source file "CMakeCCompilerId.c" succeeded.
Compiler: /opt/poky-agl/4.0.2/sysroots/x86_64-aglsdk-linux/usr/bin/x86_64-agl-linux/x86_64-agl-linux-gcc -march=corei7;-mtune=corei7;-mfpmath=sse;-msse4.2;--sysroot=/opt/poky-agl/4.0.2/sysroots/corei7-64-agl-linux
Build flags: ;-O2;-pipe;-g;-feliminate-unused-debug-types;
Id flags: 

The output was:
0


Compilation of the C compiler identification source "CMakeCCompilerId.c" produced "a.out"

The C compiler identification is GNU, found in "/home/vgn5kor/AGL_apps/gerrit_apps/low-level-can-service/build/CMakeFiles/3.6.1/CompilerIdC/a.out"

Compiling the CXX compiler identification source file "CMakeCXXCompilerId.cpp" succeeded.
Compiler: /opt/poky-agl/4.0.2/sysroots/x86_64-aglsdk-linux/usr/bin/x86_64-agl-linux/x86_64-agl-linux-g++ -march=corei7;-mtune=corei7;-mfpmath=sse;-msse4.2;--sysroot=/opt/poky-agl/4.0.2/sysroots/corei7-64-agl-linux
Build flags: ;-O2;-pipe;-g;-feliminate-unused-debug-types;
Id flags: 

The output was:
0


Compilation of the CXX compiler identification source "CMakeCXXCompilerId.cpp" produced "a.out"

The CXX compiler identification is GNU, found in "/home/vgn5kor/AGL_apps/gerrit_apps/low-level-can-service/build/CMakeFiles/3.6.1/CompilerIdCXX/a.out"

Determining if the C compiler works passed with the following output:
Change Dir: /home/vgn5kor/AGL_apps/gerrit_apps/low-level-can-service/build/CMakeFiles/CMakeTmp

Run Build Command:"/usr/bin/make" "cmTC_ef3ec/fast"
make[1]: Entering directory '/home/vgn5kor/AGL_apps/gerrit_apps/low-level-can-service/build/CMakeFiles/CMakeTmp'
/usr/bin/make -f CMakeFiles/cmTC_ef3ec.dir/build.make CMakeFiles/cmTC_ef3ec.dir/build
make[2]: Entering directory '/home/vgn5kor/AGL_apps/gerrit_apps/low-level-can-service/build/CMakeFiles/CMakeTmp'
Building C object CMakeFiles/cmTC_ef3ec.dir/testCCompiler.c.o
/opt/poky-agl/4.0.2/sysroots/x86_64-aglsdk-linux/usr/bin/x86_64-agl-linux/x86_64-agl-linux-gcc   -march=corei7 -mtune=corei7 -mfpmath=sse -msse4.2 --sysroot=/opt/poky-agl/4.0.2/sysroots/corei7-64-agl-linux   -O2 -pipe -g -feliminate-unused-debug-types      -o CMakeFiles/cmTC_ef3ec.dir/testCCompiler.c.o   -c /home/vgn5kor/AGL_apps/gerrit_apps/low-level-can-service/build/CMakeFiles/CMakeTmp/testCCompiler.c
Linking C executable cmTC_ef3ec
/opt/poky-agl/4.0.2/sysroots/x86_64-aglsdk-linux/usr/bin/cmake -E cmake_link_script CMakeFiles/cmTC_ef3ec.dir/link.txt --verbose=1
/opt/poky-agl/4.0.2/sysroots/x86_64-aglsdk-linux/usr/bin/x86_64-agl-linux/x86_64-agl-linux-gcc   -march=corei7 -mtune=corei7 -mfpmath=sse -msse4.2 --sysroot=/opt/poky-agl/4.0.2/sysroots/corei7-64-agl-linux  -O2 -pipe -g -feliminate-unused-debug-types      -Wl,-O1 -Wl,--hash-style=gnu -Wl,--as-needed  CMakeFiles/cmTC_ef3ec.dir/testCCompiler.c.o  -o cmTC_ef3ec -rdynamic 
make[2]: Leaving directory '/home/vgn5kor/AGL_apps/gerrit_apps/low-level-can-service/build/CMakeFiles/CMakeTmp'
make[1]: Leaving directory '/home/vgn5kor/AGL_apps/gerrit_apps/low-level-can-service/build/CMakeFiles/CMakeTmp'


Detecting C compiler ABI info compiled with the following output:
Change Dir: /home/vgn5kor/AGL_apps/gerrit_apps/low-level-can-service/build/CMakeFiles/CMakeTmp

Run Build Command:"/usr/bin/make" "cmTC_17076/fast"
make[1]: Entering directory '/home/vgn5kor/AGL_apps/gerrit_apps/low-level-can-service/build/CMakeFiles/CMakeTmp'
/usr/bin/make -f CMakeFiles/cmTC_17076.dir/build.make CMakeFiles/cmTC_17076.dir/build
make[2]: Entering directory '/home/vgn5kor/AGL_apps/gerrit_apps/low-level-can-service/build/CMakeFiles/CMakeTmp'
Building C object CMakeFiles/cmTC_17076.dir/CMakeCCompilerABI.c.o
/opt/poky-agl/4.0.2/sysroots/x86_64-aglsdk-linux/usr/bin/x86_64-agl-linux/x86_64-agl-linux-gcc   -march=corei7 -mtune=corei7 -mfpmath=sse -msse4.2 --sysroot=/opt/poky-agl/4.0.2/sysroots/corei7-64-agl-linux   -O2 -pipe -g -feliminate-unused-debug-types      -o CMakeFiles/cmTC_17076.dir/CMakeCCompilerABI.c.o   -c /opt/poky-agl/4.0.2/sysroots/x86_64-aglsdk-linux/usr/share/cmake-3.6/Modules/CMakeCCompilerABI.c
Linking C executable cmTC_17076
/opt/poky-agl/4.0.2/sysroots/x86_64-aglsdk-linux/usr/bin/cmake -E cmake_link_script CMakeFiles/cmTC_17076.dir/link.txt --verbose=1
/opt/poky-agl/4.0.2/sysroots/x86_64-aglsdk-linux/usr/bin/x86_64-agl-linux/x86_64-agl-linux-gcc   -march=corei7 -mtune=corei7 -mfpmath=sse -msse4.2 --sysroot=/opt/poky-agl/4.0.2/sysroots/corei7-64-agl-linux  -O2 -pipe -g -feliminate-unused-debug-types      -Wl,-O1 -Wl,--hash-style=gnu -Wl,--as-needed -v CMakeFiles/cmTC_17076.dir/CMakeCCompilerABI.c.o  -o cmTC_17076 -rdynamic  
Using built-in specs.
COLLECT_GCC=/opt/poky-agl/4.0.2/sysroots/x86_64-aglsdk-linux/usr/bin/x86_64-agl-linux/x86_64-agl-linux-gcc
COLLECT_LTO_WRAPPER=/opt/poky-agl/4.0.2/sysroots/x86_64-aglsdk-linux/usr/libexec/x86_64-agl-linux/gcc/x86_64-agl-linux/6.2.0/lto-wrapper
Target: x86_64-agl-linux
Configured with: ../../../../../../work-shared/gcc-6.2.0-r0/gcc-6.2.0/configure --build=x86_64-linux --host=x86_64-aglsdk-linux --target=x86_64-agl-linux --prefix=/opt/poky-agl/4.0.2/sysroots/x86_64-aglsdk-linux/usr --exec_prefix=/opt/poky-agl/4.0.2/sysroots/x86_64-aglsdk-linux/usr --bindir=/opt/poky-agl/4.0.2/sysroots/x86_64-aglsdk-linux/usr/bin/x86_64-agl-linux --sbindir=/opt/poky-agl/4.0.2/sysroots/x86_64-aglsdk-linux/usr/bin/x86_64-agl-linux --libexecdir=/opt/poky-agl/4.0.2/sysroots/x86_64-aglsdk-linux/usr/libexec/x86_64-agl-linux --datadir=/opt/poky-agl/4.0.2/sysroots/x86_64-aglsdk-linux/usr/share --sysconfdir=/opt/poky-agl/4.0.2/sysroots/x86_64-aglsdk-linux/etc --sharedstatedir=/opt/poky-agl/4.0.2/sysroots/x86_64-aglsdk-linux/com --localstatedir=/opt/poky-agl/4.0.2/sysroots/x86_64-aglsdk-linux/var --libdir=/opt/poky-agl/4.0.2/sysroots/x86_64-aglsdk-linux/usr/lib/x86_64-agl-linux --includedir=/opt/poky-agl/4.0.2/sysroots/x86_64-aglsdk-linux/usr/include --oldincludedir=/opt/poky-agl/4.0.2/sysroots/x86_64-aglsdk-linux/usr/include --infodir=/opt/poky-agl/4.0.2/sysroots/x86_64-aglsdk-linux/usr/share/info --mandir=/opt/poky-agl/4.0.2/sysroots/x86_64-aglsdk-linux/usr/share/man --disable-silent-rules --disable-dependency-tracking --with-libtool-sysroot=/w/workspace/sandbox-build-machines-sstate-mirror/AGLBRANCH/dab/MACHINE/qemux86-64/label/agl-test-slave/sstate-build/build-qemux86-64/tmp/sysroots/x86_64-nativesdk-aglsdk-linux --with-gnu-ld --enable-shared --enable-languages=c,c++ --enable-threads=posix --enable-multilib --enable-c99 --enable-long-long --enable-symvers=gnu --enable-libstdcxx-pch --program-prefix=x86_64-agl-linux- --without-local-prefix --enable-lto --enable-libssp --enable-libitm --disable-bootstrap --disable-libmudflap --with-system-zlib --with-linker-hash-style=gnu --enable-linker-build-id --with-ppl=no --with-cloog=no --enable-checking=release --enable-cheaders=c_global --without-isl --with-gxx-include-dir=/not/exist/usr/include/c++/6.2.0 --with-build-time-tools=/w/workspace/sandbox-build-machines-sstate-mirror/AGLBRANCH/dab/MACHINE/qemux86-64/label/agl-test-slave/sstate-build/build-qemux86-64/tmp/sysroots/x86_64-linux/usr/x86_64-agl-linux/bin --with-sysroot=/not/exist --with-build-sysroot=/w/workspace/sandbox-build-machines-sstate-mirror/AGLBRANCH/dab/MACHINE/qemux86-64/label/agl-test-slave/sstate-build/build-qemux86-64/tmp/sysroots/qemux86-64 --without-long-double-128 --enable-poison-system-directories --with-mpfr=/w/workspace/sandbox-build-machines-sstate-mirror/AGLBRANCH/dab/MACHINE/qemux86-64/label/agl-test-slave/sstate-build/build-qemux86-64/tmp/sysroots/x86_64-nativesdk-aglsdk-linux --with-mpc=/w/workspace/sandbox-build-machines-sstate-mirror/AGLBRANCH/dab/MACHINE/qemux86-64/label/agl-test-slave/sstate-build/build-qemux86-64/tmp/sysroots/x86_64-nativesdk-aglsdk-linux --disable-static --enable-nls --enable-initfini-array --enable-__cxa_atexit
Thread model: posix
gcc version 6.2.0 (GCC) 
COMPILER_PATH=/opt/poky-agl/4.0.2/sysroots/x86_64-aglsdk-linux/usr/libexec/x86_64-agl-linux/gcc/x86_64-agl-linux/6.2.0/:/opt/poky-agl/4.0.2/sysroots/x86_64-aglsdk-linux/usr/libexec/x86_64-agl-linux/gcc/x86_64-agl-linux/6.2.0/:/opt/poky-agl/4.0.2/sysroots/x86_64-aglsdk-linux/usr/libexec/x86_64-agl-linux/gcc/x86_64-agl-linux/:/opt/poky-agl/4.0.2/sysroots/x86_64-aglsdk-linux/usr/lib/x86_64-agl-linux/gcc/x86_64-agl-linux/6.2.0/:/opt/poky-agl/4.0.2/sysroots/x86_64-aglsdk-linux/usr/lib/x86_64-agl-linux/gcc/x86_64-agl-linux/
LIBRARY_PATH=/opt/poky-agl/4.0.2/sysroots/x86_64-aglsdk-linux/usr/lib/x86_64-agl-linux/gcc/x86_64-agl-linux/6.2.0/:/opt/poky-agl/4.0.2/sysroots/corei7-64-agl-linux/lib/../lib/:/opt/poky-agl/4.0.2/sysroots/corei7-64-agl-linux/usr/lib/../lib/x86_64-agl-linux/6.2.0/:/opt/poky-agl/4.0.2/sysroots/corei7-64-agl-linux/usr/lib/x86_64-agl-linux/6.2.0/:/opt/poky-agl/4.0.2/sysroots/corei7-64-agl-linux/usr/lib/../lib/:/opt/poky-agl/4.0.2/sysroots/corei7-64-agl-linux/lib/:/opt/poky-agl/4.0.2/sysroots/corei7-64-agl-linux/usr/lib/
COLLECT_GCC_OPTIONS='--sysroot=/opt/poky-agl/4.0.2/sysroots/corei7-64-agl-linux' '-march=corei7' '-mtune=corei7' '-mfpmath=sse' '-msse4.2' '-O2' '-pipe' '-g' '-feliminate-unused-debug-types' '-v' '-o' 'cmTC_17076' '-rdynamic'
 /opt/poky-agl/4.0.2/sysroots/x86_64-aglsdk-linux/usr/libexec/x86_64-agl-linux/gcc/x86_64-agl-linux/6.2.0/collect2 -plugin /opt/poky-agl/4.0.2/sysroots/x86_64-aglsdk-linux/usr/libexec/x86_64-agl-linux/gcc/x86_64-agl-linux/6.2.0/liblto_plugin.so -plugin-opt=/opt/poky-agl/4.0.2/sysroots/x86_64-aglsdk-linux/usr/libexec/x86_64-agl-linux/gcc/x86_64-agl-linux/6.2.0/lto-wrapper -plugin-opt=-fresolution=/tmp/ccy2BFHB.res -plugin-opt=-pass-through=-lgcc -plugin-opt=-pass-through=-lgcc_s -plugin-opt=-pass-through=-lc -plugin-opt=-pass-through=-lgcc -plugin-opt=-pass-through=-lgcc_s --sysroot=/opt/poky-agl/4.0.2/sysroots/corei7-64-agl-linux --build-id --eh-frame-hdr --hash-style=gnu -m elf_x86_64 -export-dynamic -dynamic-linker /lib/ld-linux-x86-64.so.2 -o cmTC_17076 /opt/poky-agl/4.0.2/sysroots/corei7-64-agl-linux/usr/lib/../lib/crt1.o /opt/poky-agl/4.0.2/sysroots/corei7-64-agl-linux/usr/lib/../lib/crti.o /opt/poky-agl/4.0.2/sysroots/corei7-64-agl-linux/usr/lib/../lib/x86_64-agl-linux/6.2.0/crtbegin.o -L/opt/poky-agl/4.0.2/sysroots/x86_64-aglsdk-linux/usr/lib/x86_64-agl-linux/gcc/x86_64-agl-linux/6.2.0 -L/opt/poky-agl/4.0.2/sysroots/corei7-64-agl-linux/lib/../lib -L/opt/poky-agl/4.0.2/sysroots/corei7-64-agl-linux/usr/lib/../lib/x86_64-agl-linux/6.2.0 -L/opt/poky-agl/4.0.2/sysroots/corei7-64-agl-linux/usr/lib/x86_64-agl-linux/6.2.0 -L/opt/poky-agl/4.0.2/sysroots/corei7-64-agl-linux/usr/lib/../lib -L/opt/poky-agl/4.0.2/sysroots/corei7-64-agl-linux/lib -L/opt/poky-agl/4.0.2/sysroots/corei7-64-agl-linux/usr/lib -O1 --hash-style=gnu --as-needed CMakeFiles/cmTC_17076.dir/CMakeCCompilerABI.c.o -lgcc --as-needed -lgcc_s --no-as-needed -lc -lgcc --as-needed -lgcc_s --no-as-needed /opt/poky-agl/4.0.2/sysroots/corei7-64-agl-linux/usr/lib/../lib/x86_64-agl-linux/6.2.0/crtend.o /opt/poky-agl/4.0.2/sysroots/corei7-64-agl-linux/usr/lib/../lib/crtn.o
COLLECT_GCC_OPTIONS='--sysroot=/opt/poky-agl/4.0.2/sysroots/corei7-64-agl-linux' '-march=corei7' '-mtune=corei7' '-mfpmath=sse' '-msse4.2' '-O2' '-pipe' '-g' '-feliminate-unused-debug-types' '-v' '-o' 'cmTC_17076' '-rdynamic'
make[2]: Leaving directory '/home/vgn5kor/AGL_apps/gerrit_apps/low-level-can-service/build/CMakeFiles/CMakeTmp'
make[1]: Leaving directory '/home/vgn5kor/AGL_apps/gerrit_apps/low-level-can-service/build/CMakeFiles/CMakeTmp'


Parsed C implicit link information from above output:
  link line regex: [^( *|.*[/\])(ld|([^/\]+-)?ld|collect2)[^/\]*( |$)]
  ignore line: [Change Dir: /home/vgn5kor/AGL_apps/gerrit_apps/low-level-can-service/build/CMakeFiles/CMakeTmp]
  ignore line: []
  ignore line: [Run Build Command:"/usr/bin/make" "cmTC_17076/fast"]
  ignore line: [make[1]: Entering directory '/home/vgn5kor/AGL_apps/gerrit_apps/low-level-can-service/build/CMakeFiles/CMakeTmp']
  ignore line: [/usr/bin/make -f CMakeFiles/cmTC_17076.dir/build.make CMakeFiles/cmTC_17076.dir/build]
  ignore line: [make[2]: Entering directory '/home/vgn5kor/AGL_apps/gerrit_apps/low-level-can-service/build/CMakeFiles/CMakeTmp']
  ignore line: [Building C object CMakeFiles/cmTC_17076.dir/CMakeCCompilerABI.c.o]
  ignore line: [/opt/poky-agl/4.0.2/sysroots/x86_64-aglsdk-linux/usr/bin/x86_64-agl-linux/x86_64-agl-linux-gcc   -march=corei7 -mtune=corei7 -mfpmath=sse -msse4.2 --sysroot=/opt/poky-agl/4.0.2/sysroots/corei7-64-agl-linux   -O2 -pipe -g -feliminate-unused-debug-types      -o CMakeFiles/cmTC_17076.dir/CMakeCCompilerABI.c.o   -c /opt/poky-agl/4.0.2/sysroots/x86_64-aglsdk-linux/usr/share/cmake-3.6/Modules/CMakeCCompilerABI.c]
  ignore line: [Linking C executable cmTC_17076]
  ignore line: [/opt/poky-agl/4.0.2/sysroots/x86_64-aglsdk-linux/usr/bin/cmake -E cmake_link_script CMakeFiles/cmTC_17076.dir/link.txt --verbose=1]
  ignore line: [/opt/poky-agl/4.0.2/sysroots/x86_64-aglsdk-linux/usr/bin/x86_64-agl-linux/x86_64-agl-linux-gcc   -march=corei7 -mtune=corei7 -mfpmath=sse -msse4.2 --sysroot=/opt/poky-agl/4.0.2/sysroots/corei7-64-agl-linux  -O2 -pipe -g -feliminate-unused-debug-types      -Wl,-O1 -Wl,--hash-style=gnu -Wl,--as-needed -v CMakeFiles/cmTC_17076.dir/CMakeCCompilerABI.c.o  -o cmTC_17076 -rdynamic  ]
  ignore line: [Using built-in specs.]
  ignore line: [COLLECT_GCC=/opt/poky-agl/4.0.2/sysroots/x86_64-aglsdk-linux/usr/bin/x86_64-agl-linux/x86_64-agl-linux-gcc]
  ignore line: [COLLECT_LTO_WRAPPER=/opt/poky-agl/4.0.2/sysroots/x86_64-aglsdk-linux/usr/libexec/x86_64-agl-linux/gcc/x86_64-agl-linux/6.2.0/lto-wrapper]
  ignore line: [Target: x86_64-agl-linux]
  ignore line: [Configured with: ../../../../../../work-shared/gcc-6.2.0-r0/gcc-6.2.0/configure --build=x86_64-linux --host=x86_64-aglsdk-linux --target=x86_64-agl-linux --prefix=/opt/poky-agl/4.0.2/sysroots/x86_64-aglsdk-linux/usr --exec_prefix=/opt/poky-agl/4.0.2/sysroots/x86_64-aglsdk-linux/usr --bindir=/opt/poky-agl/4.0.2/sysroots/x86_64-aglsdk-linux/usr/bin/x86_64-agl-linux --sbindir=/opt/poky-agl/4.0.2/sysroots/x86_64-aglsdk-linux/usr/bin/x86_64-agl-linux --libexecdir=/opt/poky-agl/4.0.2/sysroots/x86_64-aglsdk-linux/usr/libexec/x86_64-agl-linux --datadir=/opt/poky-agl/4.0.2/sysroots/x86_64-aglsdk-linux/usr/share --sysconfdir=/opt/poky-agl/4.0.2/sysroots/x86_64-aglsdk-linux/etc --sharedstatedir=/opt/poky-agl/4.0.2/sysroots/x86_64-aglsdk-linux/com --localstatedir=/opt/poky-agl/4.0.2/sysroots/x86_64-aglsdk-linux/var --libdir=/opt/poky-agl/4.0.2/sysroots/x86_64-aglsdk-linux/usr/lib/x86_64-agl-linux --includedir=/opt/poky-agl/4.0.2/sysroots/x86_64-aglsdk-linux/usr/include --oldincludedir=/opt/poky-agl/4.0.2/sysroots/x86_64-aglsdk-linux/usr/include --infodir=/opt/poky-agl/4.0.2/sysroots/x86_64-aglsdk-linux/usr/share/info --mandir=/opt/poky-agl/4.0.2/sysroots/x86_64-aglsdk-linux/usr/share/man --disable-silent-rules --disable-dependency-tracking --with-libtool-sysroot=/w/workspace/sandbox-build-machines-sstate-mirror/AGLBRANCH/dab/MACHINE/qemux86-64/label/agl-test-slave/sstate-build/build-qemux86-64/tmp/sysroots/x86_64-nativesdk-aglsdk-linux --with-gnu-ld --enable-shared --enable-languages=c,c++ --enable-threads=posix --enable-multilib --enable-c99 --enable-long-long --enable-symvers=gnu --enable-libstdcxx-pch --program-prefix=x86_64-agl-linux- --without-local-prefix --enable-lto --enable-libssp --enable-libitm --disable-bootstrap --disable-libmudflap --with-system-zlib --with-linker-hash-style=gnu --enable-linker-build-id --with-ppl=no --with-cloog=no --enable-checking=release --enable-cheaders=c_global --without-isl --with-gxx-include-dir=/not/exist/usr/include/c++/6.2.0 --with-build-time-tools=/w/workspace/sandbox-build-machines-sstate-mirror/AGLBRANCH/dab/MACHINE/qemux86-64/label/agl-test-slave/sstate-build/build-qemux86-64/tmp/sysroots/x86_64-linux/usr/x86_64-agl-linux/bin --with-sysroot=/not/exist --with-build-sysroot=/w/workspace/sandbox-build-machines-sstate-mirror/AGLBRANCH/dab/MACHINE/qemux86-64/label/agl-test-slave/sstate-build/build-qemux86-64/tmp/sysroots/qemux86-64 --without-long-double-128 --enable-poison-system-directories --with-mpfr=/w/workspace/sandbox-build-machines-sstate-mirror/AGLBRANCH/dab/MACHINE/qemux86-64/label/agl-test-slave/sstate-build/build-qemux86-64/tmp/sysroots/x86_64-nativesdk-aglsdk-linux --with-mpc=/w/workspace/sandbox-build-machines-sstate-mirror/AGLBRANCH/dab/MACHINE/qemux86-64/label/agl-test-slave/sstate-build/build-qemux86-64/tmp/sysroots/x86_64-nativesdk-aglsdk-linux --disable-static --enable-nls --enable-initfini-array --enable-__cxa_atexit]
  ignore line: [Thread model: posix]
  ignore line: [gcc version 6.2.0 (GCC) ]
  ignore line: [COMPILER_PATH=/opt/poky-agl/4.0.2/sysroots/x86_64-aglsdk-linux/usr/libexec/x86_64-agl-linux/gcc/x86_64-agl-linux/6.2.0/:/opt/poky-agl/4.0.2/sysroots/x86_64-aglsdk-linux/usr/libexec/x86_64-agl-linux/gcc/x86_64-agl-linux/6.2.0/:/opt/poky-agl/4.0.2/sysroots/x86_64-aglsdk-linux/usr/libexec/x86_64-agl-linux/gcc/x86_64-agl-linux/:/opt/poky-agl/4.0.2/sysroots/x86_64-aglsdk-linux/usr/lib/x86_64-agl-linux/gcc/x86_64-agl-linux/6.2.0/:/opt/poky-agl/4.0.2/sysroots/x86_64-aglsdk-linux/usr/lib/x86_64-agl-linux/gcc/x86_64-agl-linux/]
  ignore line: [LIBRARY_PATH=/opt/poky-agl/4.0.2/sysroots/x86_64-aglsdk-linux/usr/lib/x86_64-agl-linux/gcc/x86_64-agl-linux/6.2.0/:/opt/poky-agl/4.0.2/sysroots/corei7-64-agl-linux/lib/../lib/:/opt/poky-agl/4.0.2/sysroots/corei7-64-agl-linux/usr/lib/../lib/x86_64-agl-linux/6.2.0/:/opt/poky-agl/4.0.2/sysroots/corei7-64-agl-linux/usr/lib/x86_64-agl-linux/6.2.0/:/opt/poky-agl/4.0.2/sysroots/corei7-64-agl-linux/usr/lib/../lib/:/opt/poky-agl/4.0.2/sysroots/corei7-64-agl-linux/lib/:/opt/poky-agl/4.0.2/sysroots/corei7-64-agl-linux/usr/lib/]
  ignore line: [COLLECT_GCC_OPTIONS='--sysroot=/opt/poky-agl/4.0.2/sysroots/corei7-64-agl-linux' '-march=corei7' '-mtune=corei7' '-mfpmath=sse' '-msse4.2' '-O2' '-pipe' '-g' '-feliminate-unused-debug-types' '-v' '-o' 'cmTC_17076' '-rdynamic']
  link line: [ /opt/poky-agl/4.0.2/sysroots/x86_64-aglsdk-linux/usr/libexec/x86_64-agl-linux/gcc/x86_64-agl-linux/6.2.0/collect2 -plugin /opt/poky-agl/4.0.2/sysroots/x86_64-aglsdk-linux/usr/libexec/x86_64-agl-linux/gcc/x86_64-agl-linux/6.2.0/liblto_plugin.so -plugin-opt=/opt/poky-agl/4.0.2/sysroots/x86_64-aglsdk-linux/usr/libexec/x86_64-agl-linux/gcc/x86_64-agl-linux/6.2.0/lto-wrapper -plugin-opt=-fresolution=/tmp/ccy2BFHB.res -plugin-opt=-pass-through=-lgcc -plugin-opt=-pass-through=-lgcc_s -plugin-opt=-pass-through=-lc -plugin-opt=-pass-through=-lgcc -plugin-opt=-pass-through=-lgcc_s --sysroot=/opt/poky-agl/4.0.2/sysroots/corei7-64-agl-linux --build-id --eh-frame-hdr --hash-style=gnu -m elf_x86_64 -export-dynamic -dynamic-linker /lib/ld-linux-x86-64.so.2 -o cmTC_17076 /opt/poky-agl/4.0.2/sysroots/corei7-64-agl-linux/usr/lib/../lib/crt1.o /opt/poky-agl/4.0.2/sysroots/corei7-64-agl-linux/usr/lib/../lib/crti.o /opt/poky-agl/4.0.2/sysroots/corei7-64-agl-linux/usr/lib/../lib/x86_64-agl-linux/6.2.0/crtbegin.o -L/opt/poky-agl/4.0.2/sysroots/x86_64-aglsdk-linux/usr/lib/x86_64-agl-linux/gcc/x86_64-agl-linux/6.2.0 -L/opt/poky-agl/4.0.2/sysroots/corei7-64-agl-linux/lib/../lib -L/opt/poky-agl/4.0.2/sysroots/corei7-64-agl-linux/usr/lib/../lib/x86_64-agl-linux/6.2.0 -L/opt/poky-agl/4.0.2/sysroots/corei7-64-agl-linux/usr/lib/x86_64-agl-linux/6.2.0 -L/opt/poky-agl/4.0.2/sysroots/corei7-64-agl-linux/usr/lib/../lib -L/opt/poky-agl/4.0.2/sysroots/corei7-64-agl-linux/lib -L/opt/poky-agl/4.0.2/sysroots/corei7-64-agl-linux/usr/lib -O1 --hash-style=gnu --as-needed CMakeFiles/cmTC_17076.dir/CMakeCCompilerABI.c.o -lgcc --as-needed -lgcc_s --no-as-needed -lc -lgcc --as-needed -lgcc_s --no-as-needed /opt/poky-agl/4.0.2/sysroots/corei7-64-agl-linux/usr/lib/../lib/x86_64-agl-linux/6.2.0/crtend.o /opt/poky-agl/4.0.2/sysroots/corei7-64-agl-linux/usr/lib/../lib/crtn.o]
    arg [/opt/poky-agl/4.0.2/sysroots/x86_64-aglsdk-linux/usr/libexec/x86_64-agl-linux/gcc/x86_64-agl-linux/6.2.0/collect2] ==> ignore
    arg [-plugin] ==> ignore
    arg [/opt/poky-agl/4.0.2/sysroots/x86_64-aglsdk-linux/usr/libexec/x86_64-agl-linux/gcc/x86_64-agl-linux/6.2.0/liblto_plugin.so] ==> ignore
    arg [-plugin-opt=/opt/poky-agl/4.0.2/sysroots/x86_64-aglsdk-linux/usr/libexec/x86_64-agl-linux/gcc/x86_64-agl-linux/6.2.0/lto-wrapper] ==> ignore
    arg [-plugin-opt=-fresolution=/tmp/ccy2BFHB.res] ==> ignore
    arg [-plugin-opt=-pass-through=-lgcc] ==> ignore
    arg [-plugin-opt=-pass-through=-lgcc_s] ==> ignore
    arg [-plugin-opt=-pass-through=-lc] ==> ignore
    arg [-plugin-opt=-pass-through=-lgcc] ==> ignore
    arg [-plugin-opt=-pass-through=-lgcc_s] ==> ignore
    arg [--sysroot=/opt/poky-agl/4.0.2/sysroots/corei7-64-agl-linux] ==> ignore
    arg [--build-id] ==> ignore
    arg [--eh-frame-hdr] ==> ignore
    arg [--hash-style=gnu] ==> ignore
    arg [-m] ==> ignore
    arg [elf_x86_64] ==> ignore
    arg [-export-dynamic] ==> ignore
    arg [-dynamic-linker] ==> ignore
    arg [/lib/ld-linux-x86-64.so.2] ==> ignore
    arg [-o] ==> ignore
    arg [cmTC_17076] ==> ignore
    arg [/opt/poky-agl/4.0.2/sysroots/corei7-64-agl-linux/usr/lib/../lib/crt1.o] ==> ignore
    arg [/opt/poky-agl/4.0.2/sysroots/corei7-64-agl-linux/usr/lib/../lib/crti.o] ==> ignore
    arg [/opt/poky-agl/4.0.2/sysroots/corei7-64-agl-linux/usr/lib/../lib/x86_64-agl-linux/6.2.0/crtbegin.o] ==> ignore
    arg [-L/opt/poky-agl/4.0.2/sysroots/x86_64-aglsdk-linux/usr/lib/x86_64-agl-linux/gcc/x86_64-agl-linux/6.2.0] ==> dir [/opt/poky-agl/4.0.2/sysroots/x86_64-aglsdk-linux/usr/lib/x86_64-agl-linux/gcc/x86_64-agl-linux/6.2.0]
    arg [-L/opt/poky-agl/4.0.2/sysroots/corei7-64-agl-linux/lib/../lib] ==> dir [/opt/poky-agl/4.0.2/sysroots/corei7-64-agl-linux/lib/../lib]
    arg [-L/opt/poky-agl/4.0.2/sysroots/corei7-64-agl-linux/usr/lib/../lib/x86_64-agl-linux/6.2.0] ==> dir [/opt/poky-agl/4.0.2/sysroots/corei7-64-agl-linux/usr/lib/../lib/x86_64-agl-linux/6.2.0]
    arg [-L/opt/poky-agl/4.0.2/sysroots/corei7-64-agl-linux/usr/lib/x86_64-agl-linux/6.2.0] ==> dir [/opt/poky-agl/4.0.2/sysroots/corei7-64-agl-linux/usr/lib/x86_64-agl-linux/6.2.0]
    arg [-L/opt/poky-agl/4.0.2/sysroots/corei7-64-agl-linux/usr/lib/../lib] ==> dir [/opt/poky-agl/4.0.2/sysroots/corei7-64-agl-linux/usr/lib/../lib]
    arg [-L/opt/poky-agl/4.0.2/sysroots/corei7-64-agl-linux/lib] ==> dir [/opt/poky-agl/4.0.2/sysroots/corei7-64-agl-linux/lib]
    arg [-L/opt/poky-agl/4.0.2/sysroots/corei7-64-agl-linux/usr/lib] ==> dir [/opt/poky-agl/4.0.2/sysroots/corei7-64-agl-linux/usr/lib]
    arg [-O1] ==> ignore
    arg [--hash-style=gnu] ==> ignore
    arg [--as-needed] ==> ignore
    arg [CMakeFiles/cmTC_17076.dir/CMakeCCompilerABI.c.o] ==> ignore
    arg [-lgcc] ==> lib [gcc]
    arg [--as-needed] ==> ignore
    arg [-lgcc_s] ==> lib [gcc_s]
    arg [--no-as-needed] ==> ignore
    arg [-lc] ==> lib [c]
    arg [-lgcc] ==> lib [gcc]
    arg [--as-needed] ==> ignore
    arg [-lgcc_s] ==> lib [gcc_s]
    arg [--no-as-needed] ==> ignore
    arg [/opt/poky-agl/4.0.2/sysroots/corei7-64-agl-linux/usr/lib/../lib/x86_64-agl-linux/6.2.0/crtend.o] ==> ignore
    arg [/opt/poky-agl/4.0.2/sysroots/corei7-64-agl-linux/usr/lib/../lib/crtn.o] ==> ignore
  remove lib [gcc]
  remove lib [gcc_s]
  remove lib [gcc]
  remove lib [gcc_s]
  collapse library dir [/opt/poky-agl/4.0.2/sysroots/x86_64-aglsdk-linux/usr/lib/x86_64-agl-linux/gcc/x86_64-agl-linux/6.2.0] ==> [/opt/poky-agl/4.0.2/sysroots/x86_64-aglsdk-linux/usr/lib/x86_64-agl-linux/gcc/x86_64-agl-linux/6.2.0]
  collapse library dir [/opt/poky-agl/4.0.2/sysroots/corei7-64-agl-linux/lib/../lib] ==> [/opt/poky-agl/4.0.2/sysroots/corei7-64-agl-linux/lib]
  collapse library dir [/opt/poky-agl/4.0.2/sysroots/corei7-64-agl-linux/usr/lib/../lib/x86_64-agl-linux/6.2.0] ==> [/opt/poky-agl/4.0.2/sysroots/corei7-64-agl-linux/usr/lib/x86_64-agl-linux/6.2.0]
  collapse library dir [/opt/poky-agl/4.0.2/sysroots/corei7-64-agl-linux/usr/lib/x86_64-agl-linux/6.2.0] ==> [/opt/poky-agl/4.0.2/sysroots/corei7-64-agl-linux/usr/lib/x86_64-agl-linux/6.2.0]
  collapse library dir [/opt/poky-agl/4.0.2/sysroots/corei7-64-agl-linux/usr/lib/../lib] ==> [/opt/poky-agl/4.0.2/sysroots/corei7-64-agl-linux/usr/lib]
  collapse library dir [/opt/poky-agl/4.0.2/sysroots/corei7-64-agl-linux/lib] ==> [/opt/poky-agl/4.0.2/sysroots/corei7-64-agl-linux/lib]
  collapse library dir [/opt/poky-agl/4.0.2/sysroots/corei7-64-agl-linux/usr/lib] ==> [/opt/poky-agl/4.0.2/sysroots/corei7-64-agl-linux/usr/lib]
  implicit libs: [c]
  implicit dirs: [/opt/poky-agl/4.0.2/sysroots/x86_64-aglsdk-linux/usr/lib/x86_64-agl-linux/gcc/x86_64-agl-linux/6.2.0;/opt/poky-agl/4.0.2/sysroots/corei7-64-agl-linux/lib;/opt/poky-agl/4.0.2/sysroots/corei7-64-agl-linux/usr/lib/x86_64-agl-linux/6.2.0;/opt/poky-agl/4.0.2/sysroots/corei7-64-agl-linux/usr/lib]
  implicit fwks: []




Detecting C [-std=c11] compiler features compiled with the following output:
Change Dir: /home/vgn5kor/AGL_apps/gerrit_apps/low-level-can-service/build/CMakeFiles/CMakeTmp

Run Build Command:"/usr/bin/make" "cmTC_537dc/fast"
make[1]: Entering directory '/home/vgn5kor/AGL_apps/gerrit_apps/low-level-can-service/build/CMakeFiles/CMakeTmp'
/usr/bin/make -f CMakeFiles/cmTC_537dc.dir/build.make CMakeFiles/cmTC_537dc.dir/build
make[2]: Entering directory '/home/vgn5kor/AGL_apps/gerrit_apps/low-level-can-service/build/CMakeFiles/CMakeTmp'
Building C object CMakeFiles/cmTC_537dc.dir/feature_tests.c.o
/opt/poky-agl/4.0.2/sysroots/x86_64-aglsdk-linux/usr/bin/x86_64-agl-linux/x86_64-agl-linux-gcc   -march=corei7 -mtune=corei7 -mfpmath=sse -msse4.2 --sysroot=/opt/poky-agl/4.0.2/sysroots/corei7-64-agl-linux   -O2 -pipe -g -feliminate-unused-debug-types      -std=c11 -o CMakeFiles/cmTC_537dc.dir/feature_tests.c.o   -c /home/vgn5kor/AGL_apps/gerrit_apps/low-level-can-service/build/CMakeFiles/feature_tests.c
Linking C executable cmTC_537dc
/opt/poky-agl/4.0.2/sysroots/x86_64-aglsdk-linux/usr/bin/cmake -E cmake_link_script CMakeFiles/cmTC_537dc.dir/link.txt --verbose=1
/opt/poky-agl/4.0.2/sysroots/x86_64-aglsdk-linux/usr/bin/x86_64-agl-linux/x86_64-agl-linux-gcc   -march=corei7 -mtune=corei7 -mfpmath=sse -msse4.2 --sysroot=/opt/poky-agl/4.0.2/sysroots/corei7-64-agl-linux  -O2 -pipe -g -feliminate-unused-debug-types      -Wl,-O1 -Wl,--hash-style=gnu -Wl,--as-needed  CMakeFiles/cmTC_537dc.dir/feature_tests.c.o  -o cmTC_537dc -rdynamic 
make[2]: Leaving directory '/home/vgn5kor/AGL_apps/gerrit_apps/low-level-can-service/build/CMakeFiles/CMakeTmp'
make[1]: Leaving directory '/home/vgn5kor/AGL_apps/gerrit_apps/low-level-can-service/build/CMakeFiles/CMakeTmp'


    Feature record: C_FEATURE:1c_function_prototypes
    Feature record: C_FEATURE:1c_restrict
    Feature record: C_FEATURE:1c_static_assert
    Feature record: C_FEATURE:1c_variadic_macros


Detecting C [-std=c99] compiler features compiled with the following output:
Change Dir: /home/vgn5kor/AGL_apps/gerrit_apps/low-level-can-service/build/CMakeFiles/CMakeTmp

Run Build Command:"/usr/bin/make" "cmTC_f6bd2/fast"
make[1]: Entering directory '/home/vgn5kor/AGL_apps/gerrit_apps/low-level-can-service/build/CMakeFiles/CMakeTmp'
/usr/bin/make -f CMakeFiles/cmTC_f6bd2.dir/build.make CMakeFiles/cmTC_f6bd2.dir/build
make[2]: Entering directory '/home/vgn5kor/AGL_apps/gerrit_apps/low-level-can-service/build/CMakeFiles/CMakeTmp'
Building C object CMakeFiles/cmTC_f6bd2.dir/feature_tests.c.o
/opt/poky-agl/4.0.2/sysroots/x86_64-aglsdk-linux/usr/bin/x86_64-agl-linux/x86_64-agl-linux-gcc   -march=corei7 -mtune=corei7 -mfpmath=sse -msse4.2 --sysroot=/opt/poky-agl/4.0.2/sysroots/corei7-64-agl-linux   -O2 -pipe -g -feliminate-unused-debug-types      -std=c99 -o CMakeFiles/cmTC_f6bd2.dir/feature_tests.c.o   -c /home/vgn5kor/AGL_apps/gerrit_apps/low-level-can-service/build/CMakeFiles/feature_tests.c
Linking C executable cmTC_f6bd2
/opt/poky-agl/4.0.2/sysroots/x86_64-aglsdk-linux/usr/bin/cmake -E cmake_link_script CMakeFiles/cmTC_f6bd2.dir/link.txt --verbose=1
/opt/poky-agl/4.0.2/sysroots/x86_64-aglsdk-linux/usr/bin/x86_64-agl-linux/x86_64-agl-linux-gcc   -march=corei7 -mtune=corei7 -mfpmath=sse -msse4.2 --sysroot=/opt/poky-agl/4.0.2/sysroots/corei7-64-agl-linux  -O2 -pipe -g -feliminate-unused-debug-types      -Wl,-O1 -Wl,--hash-style=gnu -Wl,--as-needed  CMakeFiles/cmTC_f6bd2.dir/feature_tests.c.o  -o cmTC_f6bd2 -rdynamic 
make[2]: Leaving directory '/home/vgn5kor/AGL_apps/gerrit_apps/low-level-can-service/build/CMakeFiles/CMakeTmp'
make[1]: Leaving directory '/home/vgn5kor/AGL_apps/gerrit_apps/low-level-can-service/build/CMakeFiles/CMakeTmp'


    Feature record: C_FEATURE:1c_function_prototypes
    Feature record: C_FEATURE:1c_restrict
    Feature record: C_FEATURE:0c_static_assert
    Feature record: C_FEATURE:1c_variadic_macros


Detecting C [-std=c90] compiler features compiled with the following output:
Change Dir: /home/vgn5kor/AGL_apps/gerrit_apps/low-level-can-service/build/CMakeFiles/CMakeTmp

Run Build Command:"/usr/bin/make" "cmTC_5fb92/fast"
make[1]: Entering directory '/home/vgn5kor/AGL_apps/gerrit_apps/low-level-can-service/build/CMakeFiles/CMakeTmp'
/usr/bin/make -f CMakeFiles/cmTC_5fb92.dir/build.make CMakeFiles/cmTC_5fb92.dir/build
make[2]: Entering directory '/home/vgn5kor/AGL_apps/gerrit_apps/low-level-can-service/build/CMakeFiles/CMakeTmp'
Building C object CMakeFiles/cmTC_5fb92.dir/feature_tests.c.o
/opt/poky-agl/4.0.2/sysroots/x86_64-aglsdk-linux/usr/bin/x86_64-agl-linux/x86_64-agl-linux-gcc   -march=corei7 -mtune=corei7 -mfpmath=sse -msse4.2 --sysroot=/opt/poky-agl/4.0.2/sysroots/corei7-64-agl-linux   -O2 -pipe -g -feliminate-unused-debug-types      -std=c90 -o CMakeFiles/cmTC_5fb92.dir/feature_tests.c.o   -c /home/vgn5kor/AGL_apps/gerrit_apps/low-level-can-service/build/CMakeFiles/feature_tests.c
Linking C executable cmTC_5fb92
/opt/poky-agl/4.0.2/sysroots/x86_64-aglsdk-linux/usr/bin/cmake -E cmake_link_script CMakeFiles/cmTC_5fb92.dir/link.txt --verbose=1
/opt/poky-agl/4.0.2/sysroots/x86_64-aglsdk-linux/usr/bin/x86_64-agl-linux/x86_64-agl-linux-gcc   -march=corei7 -mtune=corei7 -mfpmath=sse -msse4.2 --sysroot=/opt/poky-agl/4.0.2/sysroots/corei7-64-agl-linux  -O2 -pipe -g -feliminate-unused-debug-types      -Wl,-O1 -Wl,--hash-style=gnu -Wl,--as-needed  CMakeFiles/cmTC_5fb92.dir/feature_tests.c.o  -o cmTC_5fb92 -rdynamic 
make[2]: Leaving directory '/home/vgn5kor/AGL_apps/gerrit_apps/low-level-can-service/build/CMakeFiles/CMakeTmp'
make[1]: Leaving directory '/home/vgn5kor/AGL_apps/gerrit_apps/low-level-can-service/build/CMakeFiles/CMakeTmp'


    Feature record: C_FEATURE:1c_function_prototypes
    Feature record: C_FEATURE:0c_restrict
    Feature record: C_FEATURE:0c_static_assert
    Feature record: C_FEATURE:0c_variadic_macros
Determining if the CXX compiler works passed with the following output:
Change Dir: /home/vgn5kor/AGL_apps/gerrit_apps/low-level-can-service/build/CMakeFiles/CMakeTmp

Run Build Command:"/usr/bin/make" "cmTC_b2ac7/fast"
make[1]: Entering directory '/home/vgn5kor/AGL_apps/gerrit_apps/low-level-can-service/build/CMakeFiles/CMakeTmp'
/usr/bin/make -f CMakeFiles/cmTC_b2ac7.dir/build.make CMakeFiles/cmTC_b2ac7.dir/build
make[2]: Entering directory '/home/vgn5kor/AGL_apps/gerrit_apps/low-level-can-service/build/CMakeFiles/CMakeTmp'
Building CXX object CMakeFiles/cmTC_b2ac7.dir/testCXXCompiler.cxx.o
/opt/poky-agl/4.0.2/sysroots/x86_64-aglsdk-linux/usr/bin/x86_64-agl-linux/x86_64-agl-linux-g++   -march=corei7 -mtune=corei7 -mfpmath=sse -msse4.2 --sysroot=/opt/poky-agl/4.0.2/sysroots/corei7-64-agl-linux    -O2 -pipe -g -feliminate-unused-debug-types      -o CMakeFiles/cmTC_b2ac7.dir/testCXXCompiler.cxx.o -c /home/vgn5kor/AGL_apps/gerrit_apps/low-level-can-service/build/CMakeFiles/CMakeTmp/testCXXCompiler.cxx
Linking CXX executable cmTC_b2ac7
/opt/poky-agl/4.0.2/sysroots/x86_64-aglsdk-linux/usr/bin/cmake -E cmake_link_script CMakeFiles/cmTC_b2ac7.dir/link.txt --verbose=1
/opt/poky-agl/4.0.2/sysroots/x86_64-aglsdk-linux/usr/bin/x86_64-agl-linux/x86_64-agl-linux-g++   -march=corei7 -mtune=corei7 -mfpmath=sse -msse4.2 --sysroot=/opt/poky-agl/4.0.2/sysroots/corei7-64-agl-linux   -O2 -pipe -g -feliminate-unused-debug-types      -Wl,-O1 -Wl,--hash-style=gnu -Wl,--as-needed  CMakeFiles/cmTC_b2ac7.dir/testCXXCompiler.cxx.o  -o cmTC_b2ac7 -rdynamic 
make[2]: Leaving directory '/home/vgn5kor/AGL_apps/gerrit_apps/low-level-can-service/build/CMakeFiles/CMakeTmp'
make[1]: Leaving directory '/home/vgn5kor/AGL_apps/gerrit_apps/low-level-can-service/build/CMakeFiles/CMakeTmp'


Detecting CXX compiler ABI info compiled with the following output:
Change Dir: /home/vgn5kor/AGL_apps/gerrit_apps/low-level-can-service/build/CMakeFiles/CMakeTmp

Run Build Command:"/usr/bin/make" "cmTC_88c06/fast"
make[1]: Entering directory '/home/vgn5kor/AGL_apps/gerrit_apps/low-level-can-service/build/CMakeFiles/CMakeTmp'
/usr/bin/make -f CMakeFiles/cmTC_88c06.dir/build.make CMakeFiles/cmTC_88c06.dir/build
make[2]: Entering directory '/home/vgn5kor/AGL_apps/gerrit_apps/low-level-can-service/build/CMakeFiles/CMakeTmp'
Building CXX object CMakeFiles/cmTC_88c06.dir/CMakeCXXCompilerABI.cpp.o
/opt/poky-agl/4.0.2/sysroots/x86_64-aglsdk-linux/usr/bin/x86_64-agl-linux/x86_64-agl-linux-g++   -march=corei7 -mtune=corei7 -mfpmath=sse -msse4.2 --sysroot=/opt/poky-agl/4.0.2/sysroots/corei7-64-agl-linux    -O2 -pipe -g -feliminate-unused-debug-types      -o CMakeFiles/cmTC_88c06.dir/CMakeCXXCompilerABI.cpp.o -c /opt/poky-agl/4.0.2/sysroots/x86_64-aglsdk-linux/usr/share/cmake-3.6/Modules/CMakeCXXCompilerABI.cpp
Linking CXX executable cmTC_88c06
/opt/poky-agl/4.0.2/sysroots/x86_64-aglsdk-linux/usr/bin/cmake -E cmake_link_script CMakeFiles/cmTC_88c06.dir/link.txt --verbose=1
/opt/poky-agl/4.0.2/sysroots/x86_64-aglsdk-linux/usr/bin/x86_64-agl-linux/x86_64-agl-linux-g++   -march=corei7 -mtune=corei7 -mfpmath=sse -msse4.2 --sysroot=/opt/poky-agl/4.0.2/sysroots/corei7-64-agl-linux   -O2 -pipe -g -feliminate-unused-debug-types      -Wl,-O1 -Wl,--hash-style=gnu -Wl,--as-needed -v CMakeFiles/cmTC_88c06.dir/CMakeCXXCompilerABI.cpp.o  -o cmTC_88c06 -rdynamic  
Using built-in specs.
COLLECT_GCC=/opt/poky-agl/4.0.2/sysroots/x86_64-aglsdk-linux/usr/bin/x86_64-agl-linux/x86_64-agl-linux-g++
COLLECT_LTO_WRAPPER=/opt/poky-agl/4.0.2/sysroots/x86_64-aglsdk-linux/usr/libexec/x86_64-agl-linux/gcc/x86_64-agl-linux/6.2.0/lto-wrapper
Target: x86_64-agl-linux
Configured with: ../../../../../../work-shared/gcc-6.2.0-r0/gcc-6.2.0/configure --build=x86_64-linux --host=x86_64-aglsdk-linux --target=x86_64-agl-linux --prefix=/opt/poky-agl/4.0.2/sysroots/x86_64-aglsdk-linux/usr --exec_prefix=/opt/poky-agl/4.0.2/sysroots/x86_64-aglsdk-linux/usr --bindir=/opt/poky-agl/4.0.2/sysroots/x86_64-aglsdk-linux/usr/bin/x86_64-agl-linux --sbindir=/opt/poky-agl/4.0.2/sysroots/x86_64-aglsdk-linux/usr/bin/x86_64-agl-linux --libexecdir=/opt/poky-agl/4.0.2/sysroots/x86_64-aglsdk-linux/usr/libexec/x86_64-agl-linux --datadir=/opt/poky-agl/4.0.2/sysroots/x86_64-aglsdk-linux/usr/share --sysconfdir=/opt/poky-agl/4.0.2/sysroots/x86_64-aglsdk-linux/etc --sharedstatedir=/opt/poky-agl/4.0.2/sysroots/x86_64-aglsdk-linux/com --localstatedir=/opt/poky-agl/4.0.2/sysroots/x86_64-aglsdk-linux/var --libdir=/opt/poky-agl/4.0.2/sysroots/x86_64-aglsdk-linux/usr/lib/x86_64-agl-linux --includedir=/opt/poky-agl/4.0.2/sysroots/x86_64-aglsdk-linux/usr/include --oldincludedir=/opt/poky-agl/4.0.2/sysroots/x86_64-aglsdk-linux/usr/include --infodir=/opt/poky-agl/4.0.2/sysroots/x86_64-aglsdk-linux/usr/share/info --mandir=/opt/poky-agl/4.0.2/sysroots/x86_64-aglsdk-linux/usr/share/man --disable-silent-rules --disable-dependency-tracking --with-libtool-sysroot=/w/workspace/sandbox-build-machines-sstate-mirror/AGLBRANCH/dab/MACHINE/qemux86-64/label/agl-test-slave/sstate-build/build-qemux86-64/tmp/sysroots/x86_64-nativesdk-aglsdk-linux --with-gnu-ld --enable-shared --enable-languages=c,c++ --enable-threads=posix --enable-multilib --enable-c99 --enable-long-long --enable-symvers=gnu --enable-libstdcxx-pch --program-prefix=x86_64-agl-linux- --without-local-prefix --enable-lto --enable-libssp --enable-libitm --disable-bootstrap --disable-libmudflap --with-system-zlib --with-linker-hash-style=gnu --enable-linker-build-id --with-ppl=no --with-cloog=no --enable-checking=release --enable-cheaders=c_global --without-isl --with-gxx-include-dir=/not/exist/usr/include/c++/6.2.0 --with-build-time-tools=/w/workspace/sandbox-build-machines-sstate-mirror/AGLBRANCH/dab/MACHINE/qemux86-64/label/agl-test-slave/sstate-build/build-qemux86-64/tmp/sysroots/x86_64-linux/usr/x86_64-agl-linux/bin --with-sysroot=/not/exist --with-build-sysroot=/w/workspace/sandbox-build-machines-sstate-mirror/AGLBRANCH/dab/MACHINE/qemux86-64/label/agl-test-slave/sstate-build/build-qemux86-64/tmp/sysroots/qemux86-64 --without-long-double-128 --enable-poison-system-directories --with-mpfr=/w/workspace/sandbox-build-machines-sstate-mirror/AGLBRANCH/dab/MACHINE/qemux86-64/label/agl-test-slave/sstate-build/build-qemux86-64/tmp/sysroots/x86_64-nativesdk-aglsdk-linux --with-mpc=/w/workspace/sandbox-build-machines-sstate-mirror/AGLBRANCH/dab/MACHINE/qemux86-64/label/agl-test-slave/sstate-build/build-qemux86-64/tmp/sysroots/x86_64-nativesdk-aglsdk-linux --disable-static --enable-nls --enable-initfini-array --enable-__cxa_atexit
Thread model: posix
gcc version 6.2.0 (GCC) 
COMPILER_PATH=/opt/poky-agl/4.0.2/sysroots/x86_64-aglsdk-linux/usr/libexec/x86_64-agl-linux/gcc/x86_64-agl-linux/6.2.0/:/opt/poky-agl/4.0.2/sysroots/x86_64-aglsdk-linux/usr/libexec/x86_64-agl-linux/gcc/x86_64-agl-linux/6.2.0/:/opt/poky-agl/4.0.2/sysroots/x86_64-aglsdk-linux/usr/libexec/x86_64-agl-linux/gcc/x86_64-agl-linux/:/opt/poky-agl/4.0.2/sysroots/x86_64-aglsdk-linux/usr/lib/x86_64-agl-linux/gcc/x86_64-agl-linux/6.2.0/:/opt/poky-agl/4.0.2/sysroots/x86_64-aglsdk-linux/usr/lib/x86_64-agl-linux/gcc/x86_64-agl-linux/
LIBRARY_PATH=/opt/poky-agl/4.0.2/sysroots/x86_64-aglsdk-linux/usr/lib/x86_64-agl-linux/gcc/x86_64-agl-linux/6.2.0/:/opt/poky-agl/4.0.2/sysroots/corei7-64-agl-linux/lib/../lib/:/opt/poky-agl/4.0.2/sysroots/corei7-64-agl-linux/usr/lib/../lib/x86_64-agl-linux/6.2.0/:/opt/poky-agl/4.0.2/sysroots/corei7-64-agl-linux/usr/lib/x86_64-agl-linux/6.2.0/:/opt/poky-agl/4.0.2/sysroots/corei7-64-agl-linux/usr/lib/../lib/:/opt/poky-agl/4.0.2/sysroots/corei7-64-agl-linux/lib/:/opt/poky-agl/4.0.2/sysroots/corei7-64-agl-linux/usr/lib/
COLLECT_GCC_OPTIONS='--sysroot=/opt/poky-agl/4.0.2/sysroots/corei7-64-agl-linux' '-march=corei7' '-mtune=corei7' '-mfpmath=sse' '-msse4.2' '-O2' '-pipe' '-g' '-feliminate-unused-debug-types' '-v' '-o' 'cmTC_88c06' '-rdynamic' '-shared-libgcc'
 /opt/poky-agl/4.0.2/sysroots/x86_64-aglsdk-linux/usr/libexec/x86_64-agl-linux/gcc/x86_64-agl-linux/6.2.0/collect2 -plugin /opt/poky-agl/4.0.2/sysroots/x86_64-aglsdk-linux/usr/libexec/x86_64-agl-linux/gcc/x86_64-agl-linux/6.2.0/liblto_plugin.so -plugin-opt=/opt/poky-agl/4.0.2/sysroots/x86_64-aglsdk-linux/usr/libexec/x86_64-agl-linux/gcc/x86_64-agl-linux/6.2.0/lto-wrapper -plugin-opt=-fresolution=/tmp/ccvcK1ZR.res -plugin-opt=-pass-through=-lgcc_s -plugin-opt=-pass-through=-lgcc -plugin-opt=-pass-through=-lc -plugin-opt=-pass-through=-lgcc_s -plugin-opt=-pass-through=-lgcc --sysroot=/opt/poky-agl/4.0.2/sysroots/corei7-64-agl-linux --build-id --eh-frame-hdr --hash-style=gnu -m elf_x86_64 -export-dynamic -dynamic-linker /lib/ld-linux-x86-64.so.2 -o cmTC_88c06 /opt/poky-agl/4.0.2/sysroots/corei7-64-agl-linux/usr/lib/../lib/crt1.o /opt/poky-agl/4.0.2/sysroots/corei7-64-agl-linux/usr/lib/../lib/crti.o /opt/poky-agl/4.0.2/sysroots/corei7-64-agl-linux/usr/lib/../lib/x86_64-agl-linux/6.2.0/crtbegin.o -L/opt/poky-agl/4.0.2/sysroots/x86_64-aglsdk-linux/usr/lib/x86_64-agl-linux/gcc/x86_64-agl-linux/6.2.0 -L/opt/poky-agl/4.0.2/sysroots/corei7-64-agl-linux/lib/../lib -L/opt/poky-agl/4.0.2/sysroots/corei7-64-agl-linux/usr/lib/../lib/x86_64-agl-linux/6.2.0 -L/opt/poky-agl/4.0.2/sysroots/corei7-64-agl-linux/usr/lib/x86_64-agl-linux/6.2.0 -L/opt/poky-agl/4.0.2/sysroots/corei7-64-agl-linux/usr/lib/../lib -L/opt/poky-agl/4.0.2/sysroots/corei7-64-agl-linux/lib -L/opt/poky-agl/4.0.2/sysroots/corei7-64-agl-linux/usr/lib -O1 --hash-style=gnu --as-needed CMakeFiles/cmTC_88c06.dir/CMakeCXXCompilerABI.cpp.o -lstdc++ -lm -lgcc_s -lgcc -lc -lgcc_s -lgcc /opt/poky-agl/4.0.2/sysroots/corei7-64-agl-linux/usr/lib/../lib/x86_64-agl-linux/6.2.0/crtend.o /opt/poky-agl/4.0.2/sysroots/corei7-64-agl-linux/usr/lib/../lib/crtn.o
COLLECT_GCC_OPTIONS='--sysroot=/opt/poky-agl/4.0.2/sysroots/corei7-64-agl-linux' '-march=corei7' '-mtune=corei7' '-mfpmath=sse' '-msse4.2' '-O2' '-pipe' '-g' '-feliminate-unused-debug-types' '-v' '-o' 'cmTC_88c06' '-rdynamic' '-shared-libgcc'
make[2]: Leaving directory '/home/vgn5kor/AGL_apps/gerrit_apps/low-level-can-service/build/CMakeFiles/CMakeTmp'
make[1]: Leaving directory '/home/vgn5kor/AGL_apps/gerrit_apps/low-level-can-service/build/CMakeFiles/CMakeTmp'


Parsed CXX implicit link information from above output:
  link line regex: [^( *|.*[/\])(ld|([^/\]+-)?ld|collect2)[^/\]*( |$)]
  ignore line: [Change Dir: /home/vgn5kor/AGL_apps/gerrit_apps/low-level-can-service/build/CMakeFiles/CMakeTmp]
  ignore line: []
  ignore line: [Run Build Command:"/usr/bin/make" "cmTC_88c06/fast"]
  ignore line: [make[1]: Entering directory '/home/vgn5kor/AGL_apps/gerrit_apps/low-level-can-service/build/CMakeFiles/CMakeTmp']
  ignore line: [/usr/bin/make -f CMakeFiles/cmTC_88c06.dir/build.make CMakeFiles/cmTC_88c06.dir/build]
  ignore line: [make[2]: Entering directory '/home/vgn5kor/AGL_apps/gerrit_apps/low-level-can-service/build/CMakeFiles/CMakeTmp']
  ignore line: [Building CXX object CMakeFiles/cmTC_88c06.dir/CMakeCXXCompilerABI.cpp.o]
  ignore line: [/opt/poky-agl/4.0.2/sysroots/x86_64-aglsdk-linux/usr/bin/x86_64-agl-linux/x86_64-agl-linux-g++   -march=corei7 -mtune=corei7 -mfpmath=sse -msse4.2 --sysroot=/opt/poky-agl/4.0.2/sysroots/corei7-64-agl-linux    -O2 -pipe -g -feliminate-unused-debug-types      -o CMakeFiles/cmTC_88c06.dir/CMakeCXXCompilerABI.cpp.o -c /opt/poky-agl/4.0.2/sysroots/x86_64-aglsdk-linux/usr/share/cmake-3.6/Modules/CMakeCXXCompilerABI.cpp]
  ignore line: [Linking CXX executable cmTC_88c06]
  ignore line: [/opt/poky-agl/4.0.2/sysroots/x86_64-aglsdk-linux/usr/bin/cmake -E cmake_link_script CMakeFiles/cmTC_88c06.dir/link.txt --verbose=1]
  ignore line: [/opt/poky-agl/4.0.2/sysroots/x86_64-aglsdk-linux/usr/bin/x86_64-agl-linux/x86_64-agl-linux-g++   -march=corei7 -mtune=corei7 -mfpmath=sse -msse4.2 --sysroot=/opt/poky-agl/4.0.2/sysroots/corei7-64-agl-linux   -O2 -pipe -g -feliminate-unused-debug-types      -Wl,-O1 -Wl,--hash-style=gnu -Wl,--as-needed -v CMakeFiles/cmTC_88c06.dir/CMakeCXXCompilerABI.cpp.o  -o cmTC_88c06 -rdynamic  ]
  ignore line: [Using built-in specs.]
  ignore line: [COLLECT_GCC=/opt/poky-agl/4.0.2/sysroots/x86_64-aglsdk-linux/usr/bin/x86_64-agl-linux/x86_64-agl-linux-g++]
  ignore line: [COLLECT_LTO_WRAPPER=/opt/poky-agl/4.0.2/sysroots/x86_64-aglsdk-linux/usr/libexec/x86_64-agl-linux/gcc/x86_64-agl-linux/6.2.0/lto-wrapper]
  ignore line: [Target: x86_64-agl-linux]
  ignore line: [Configured with: ../../../../../../work-shared/gcc-6.2.0-r0/gcc-6.2.0/configure --build=x86_64-linux --host=x86_64-aglsdk-linux --target=x86_64-agl-linux --prefix=/opt/poky-agl/4.0.2/sysroots/x86_64-aglsdk-linux/usr --exec_prefix=/opt/poky-agl/4.0.2/sysroots/x86_64-aglsdk-linux/usr --bindir=/opt/poky-agl/4.0.2/sysroots/x86_64-aglsdk-linux/usr/bin/x86_64-agl-linux --sbindir=/opt/poky-agl/4.0.2/sysroots/x86_64-aglsdk-linux/usr/bin/x86_64-agl-linux --libexecdir=/opt/poky-agl/4.0.2/sysroots/x86_64-aglsdk-linux/usr/libexec/x86_64-agl-linux --datadir=/opt/poky-agl/4.0.2/sysroots/x86_64-aglsdk-linux/usr/share --sysconfdir=/opt/poky-agl/4.0.2/sysroots/x86_64-aglsdk-linux/etc --sharedstatedir=/opt/poky-agl/4.0.2/sysroots/x86_64-aglsdk-linux/com --localstatedir=/opt/poky-agl/4.0.2/sysroots/x86_64-aglsdk-linux/var --libdir=/opt/poky-agl/4.0.2/sysroots/x86_64-aglsdk-linux/usr/lib/x86_64-agl-linux --includedir=/opt/poky-agl/4.0.2/sysroots/x86_64-aglsdk-linux/usr/include --oldincludedir=/opt/poky-agl/4.0.2/sysroots/x86_64-aglsdk-linux/usr/include --infodir=/opt/poky-agl/4.0.2/sysroots/x86_64-aglsdk-linux/usr/share/info --mandir=/opt/poky-agl/4.0.2/sysroots/x86_64-aglsdk-linux/usr/share/man --disable-silent-rules --disable-dependency-tracking --with-libtool-sysroot=/w/workspace/sandbox-build-machines-sstate-mirror/AGLBRANCH/dab/MACHINE/qemux86-64/label/agl-test-slave/sstate-build/build-qemux86-64/tmp/sysroots/x86_64-nativesdk-aglsdk-linux --with-gnu-ld --enable-shared --enable-languages=c,c++ --enable-threads=posix --enable-multilib --enable-c99 --enable-long-long --enable-symvers=gnu --enable-libstdcxx-pch --program-prefix=x86_64-agl-linux- --without-local-prefix --enable-lto --enable-libssp --enable-libitm --disable-bootstrap --disable-libmudflap --with-system-zlib --with-linker-hash-style=gnu --enable-linker-build-id --with-ppl=no --with-cloog=no --enable-checking=release --enable-cheaders=c_global --without-isl --with-gxx-include-dir=/not/exist/usr/include/c++/6.2.0 --with-build-time-tools=/w/workspace/sandbox-build-machines-sstate-mirror/AGLBRANCH/dab/MACHINE/qemux86-64/label/agl-test-slave/sstate-build/build-qemux86-64/tmp/sysroots/x86_64-linux/usr/x86_64-agl-linux/bin --with-sysroot=/not/exist --with-build-sysroot=/w/workspace/sandbox-build-machines-sstate-mirror/AGLBRANCH/dab/MACHINE/qemux86-64/label/agl-test-slave/sstate-build/build-qemux86-64/tmp/sysroots/qemux86-64 --without-long-double-128 --enable-poison-system-directories --with-mpfr=/w/workspace/sandbox-build-machines-sstate-mirror/AGLBRANCH/dab/MACHINE/qemux86-64/label/agl-test-slave/sstate-build/build-qemux86-64/tmp/sysroots/x86_64-nativesdk-aglsdk-linux --with-mpc=/w/workspace/sandbox-build-machines-sstate-mirror/AGLBRANCH/dab/MACHINE/qemux86-64/label/agl-test-slave/sstate-build/build-qemux86-64/tmp/sysroots/x86_64-nativesdk-aglsdk-linux --disable-static --enable-nls --enable-initfini-array --enable-__cxa_atexit]
  ignore line: [Thread model: posix]
  ignore line: [gcc version 6.2.0 (GCC) ]
  ignore line: [COMPILER_PATH=/opt/poky-agl/4.0.2/sysroots/x86_64-aglsdk-linux/usr/libexec/x86_64-agl-linux/gcc/x86_64-agl-linux/6.2.0/:/opt/poky-agl/4.0.2/sysroots/x86_64-aglsdk-linux/usr/libexec/x86_64-agl-linux/gcc/x86_64-agl-linux/6.2.0/:/opt/poky-agl/4.0.2/sysroots/x86_64-aglsdk-linux/usr/libexec/x86_64-agl-linux/gcc/x86_64-agl-linux/:/opt/poky-agl/4.0.2/sysroots/x86_64-aglsdk-linux/usr/lib/x86_64-agl-linux/gcc/x86_64-agl-linux/6.2.0/:/opt/poky-agl/4.0.2/sysroots/x86_64-aglsdk-linux/usr/lib/x86_64-agl-linux/gcc/x86_64-agl-linux/]
  ignore line: [LIBRARY_PATH=/opt/poky-agl/4.0.2/sysroots/x86_64-aglsdk-linux/usr/lib/x86_64-agl-linux/gcc/x86_64-agl-linux/6.2.0/:/opt/poky-agl/4.0.2/sysroots/corei7-64-agl-linux/lib/../lib/:/opt/poky-agl/4.0.2/sysroots/corei7-64-agl-linux/usr/lib/../lib/x86_64-agl-linux/6.2.0/:/opt/poky-agl/4.0.2/sysroots/corei7-64-agl-linux/usr/lib/x86_64-agl-linux/6.2.0/:/opt/poky-agl/4.0.2/sysroots/corei7-64-agl-linux/usr/lib/../lib/:/opt/poky-agl/4.0.2/sysroots/corei7-64-agl-linux/lib/:/opt/poky-agl/4.0.2/sysroots/corei7-64-agl-linux/usr/lib/]
  ignore line: [COLLECT_GCC_OPTIONS='--sysroot=/opt/poky-agl/4.0.2/sysroots/corei7-64-agl-linux' '-march=corei7' '-mtune=corei7' '-mfpmath=sse' '-msse4.2' '-O2' '-pipe' '-g' '-feliminate-unused-debug-types' '-v' '-o' 'cmTC_88c06' '-rdynamic' '-shared-libgcc']
  link line: [ /opt/poky-agl/4.0.2/sysroots/x86_64-aglsdk-linux/usr/libexec/x86_64-agl-linux/gcc/x86_64-agl-linux/6.2.0/collect2 -plugin /opt/poky-agl/4.0.2/sysroots/x86_64-aglsdk-linux/usr/libexec/x86_64-agl-linux/gcc/x86_64-agl-linux/6.2.0/liblto_plugin.so -plugin-opt=/opt/poky-agl/4.0.2/sysroots/x86_64-aglsdk-linux/usr/libexec/x86_64-agl-linux/gcc/x86_64-agl-linux/6.2.0/lto-wrapper -plugin-opt=-fresolution=/tmp/ccvcK1ZR.res -plugin-opt=-pass-through=-lgcc_s -plugin-opt=-pass-through=-lgcc -plugin-opt=-pass-through=-lc -plugin-opt=-pass-through=-lgcc_s -plugin-opt=-pass-through=-lgcc --sysroot=/opt/poky-agl/4.0.2/sysroots/corei7-64-agl-linux --build-id --eh-frame-hdr --hash-style=gnu -m elf_x86_64 -export-dynamic -dynamic-linker /lib/ld-linux-x86-64.so.2 -o cmTC_88c06 /opt/poky-agl/4.0.2/sysroots/corei7-64-agl-linux/usr/lib/../lib/crt1.o /opt/poky-agl/4.0.2/sysroots/corei7-64-agl-linux/usr/lib/../lib/crti.o /opt/poky-agl/4.0.2/sysroots/corei7-64-agl-linux/usr/lib/../lib/x86_64-agl-linux/6.2.0/crtbegin.o -L/opt/poky-agl/4.0.2/sysroots/x86_64-aglsdk-linux/usr/lib/x86_64-agl-linux/gcc/x86_64-agl-linux/6.2.0 -L/opt/poky-agl/4.0.2/sysroots/corei7-64-agl-linux/lib/../lib -L/opt/poky-agl/4.0.2/sysroots/corei7-64-agl-linux/usr/lib/../lib/x86_64-agl-linux/6.2.0 -L/opt/poky-agl/4.0.2/sysroots/corei7-64-agl-linux/usr/lib/x86_64-agl-linux/6.2.0 -L/opt/poky-agl/4.0.2/sysroots/corei7-64-agl-linux/usr/lib/../lib -L/opt/poky-agl/4.0.2/sysroots/corei7-64-agl-linux/lib -L/opt/poky-agl/4.0.2/sysroots/corei7-64-agl-linux/usr/lib -O1 --hash-style=gnu --as-needed CMakeFiles/cmTC_88c06.dir/CMakeCXXCompilerABI.cpp.o -lstdc++ -lm -lgcc_s -lgcc -lc -lgcc_s -lgcc /opt/poky-agl/4.0.2/sysroots/corei7-64-agl-linux/usr/lib/../lib/x86_64-agl-linux/6.2.0/crtend.o /opt/poky-agl/4.0.2/sysroots/corei7-64-agl-linux/usr/lib/../lib/crtn.o]
    arg [/opt/poky-agl/4.0.2/sysroots/x86_64-aglsdk-linux/usr/libexec/x86_64-agl-linux/gcc/x86_64-agl-linux/6.2.0/collect2] ==> ignore
    arg [-plugin] ==> ignore
    arg [/opt/poky-agl/4.0.2/sysroots/x86_64-aglsdk-linux/usr/libexec/x86_64-agl-linux/gcc/x86_64-agl-linux/6.2.0/liblto_plugin.so] ==> ignore
    arg [-plugin-opt=/opt/poky-agl/4.0.2/sysroots/x86_64-aglsdk-linux/usr/libexec/x86_64-agl-linux/gcc/x86_64-agl-linux/6.2.0/lto-wrapper] ==> ignore
    arg [-plugin-opt=-fresolution=/tmp/ccvcK1ZR.res] ==> ignore
    arg [-plugin-opt=-pass-through=-lgcc_s] ==> ignore
    arg [-plugin-opt=-pass-through=-lgcc] ==> ignore
    arg [-plugin-opt=-pass-through=-lc] ==> ignore
    arg [-plugin-opt=-pass-through=-lgcc_s] ==> ignore
    arg [-plugin-opt=-pass-through=-lgcc] ==> ignore
    arg [--sysroot=/opt/poky-agl/4.0.2/sysroots/corei7-64-agl-linux] ==> ignore
    arg [--build-id] ==> ignore
    arg [--eh-frame-hdr] ==> ignore
    arg [--hash-style=gnu] ==> ignore
    arg [-m] ==> ignore
    arg [elf_x86_64] ==> ignore
    arg [-export-dynamic] ==> ignore
    arg [-dynamic-linker] ==> ignore
    arg [/lib/ld-linux-x86-64.so.2] ==> ignore
    arg [-o] ==> ignore
    arg [cmTC_88c06] ==> ignore
    arg [/opt/poky-agl/4.0.2/sysroots/corei7-64-agl-linux/usr/lib/../lib/crt1.o] ==> ignore
    arg [/opt/poky-agl/4.0.2/sysroots/corei7-64-agl-linux/usr/lib/../lib/crti.o] ==> ignore
    arg [/opt/poky-agl/4.0.2/sysroots/corei7-64-agl-linux/usr/lib/../lib/x86_64-agl-linux/6.2.0/crtbegin.o] ==> ignore
    arg [-L/opt/poky-agl/4.0.2/sysroots/x86_64-aglsdk-linux/usr/lib/x86_64-agl-linux/gcc/x86_64-agl-linux/6.2.0] ==> dir [/opt/poky-agl/4.0.2/sysroots/x86_64-aglsdk-linux/usr/lib/x86_64-agl-linux/gcc/x86_64-agl-linux/6.2.0]
    arg [-L/opt/poky-agl/4.0.2/sysroots/corei7-64-agl-linux/lib/../lib] ==> dir [/opt/poky-agl/4.0.2/sysroots/corei7-64-agl-linux/lib/../lib]
    arg [-L/opt/poky-agl/4.0.2/sysroots/corei7-64-agl-linux/usr/lib/../lib/x86_64-agl-linux/6.2.0] ==> dir [/opt/poky-agl/4.0.2/sysroots/corei7-64-agl-linux/usr/lib/../lib/x86_64-agl-linux/6.2.0]
    arg [-L/opt/poky-agl/4.0.2/sysroots/corei7-64-agl-linux/usr/lib/x86_64-agl-linux/6.2.0] ==> dir [/opt/poky-agl/4.0.2/sysroots/corei7-64-agl-linux/usr/lib/x86_64-agl-linux/6.2.0]
    arg [-L/opt/poky-agl/4.0.2/sysroots/corei7-64-agl-linux/usr/lib/../lib] ==> dir [/opt/poky-agl/4.0.2/sysroots/corei7-64-agl-linux/usr/lib/../lib]
    arg [-L/opt/poky-agl/4.0.2/sysroots/corei7-64-agl-linux/lib] ==> dir [/opt/poky-agl/4.0.2/sysroots/corei7-64-agl-linux/lib]
    arg [-L/opt/poky-agl/4.0.2/sysroots/corei7-64-agl-linux/usr/lib] ==> dir [/opt/poky-agl/4.0.2/sysroots/corei7-64-agl-linux/usr/lib]
    arg [-O1] ==> ignore
    arg [--hash-style=gnu] ==> ignore
    arg [--as-needed] ==> ignore
    arg [CMakeFiles/cmTC_88c06.dir/CMakeCXXCompilerABI.cpp.o] ==> ignore
    arg [-lstdc++] ==> lib [stdc++]
    arg [-lm] ==> lib [m]
    arg [-lgcc_s] ==> lib [gcc_s]
    arg [-lgcc] ==> lib [gcc]
    arg [-lc] ==> lib [c]
    arg [-lgcc_s] ==> lib [gcc_s]
    arg [-lgcc] ==> lib [gcc]
    arg [/opt/poky-agl/4.0.2/sysroots/corei7-64-agl-linux/usr/lib/../lib/x86_64-agl-linux/6.2.0/crtend.o] ==> ignore
    arg [/opt/poky-agl/4.0.2/sysroots/corei7-64-agl-linux/usr/lib/../lib/crtn.o] ==> ignore
  remove lib [gcc_s]
  remove lib [gcc]
  remove lib [gcc_s]
  remove lib [gcc]
  collapse library dir [/opt/poky-agl/4.0.2/sysroots/x86_64-aglsdk-linux/usr/lib/x86_64-agl-linux/gcc/x86_64-agl-linux/6.2.0] ==> [/opt/poky-agl/4.0.2/sysroots/x86_64-aglsdk-linux/usr/lib/x86_64-agl-linux/gcc/x86_64-agl-linux/6.2.0]
  collapse library dir [/opt/poky-agl/4.0.2/sysroots/corei7-64-agl-linux/lib/../lib] ==> [/opt/poky-agl/4.0.2/sysroots/corei7-64-agl-linux/lib]
  collapse library dir [/opt/poky-agl/4.0.2/sysroots/corei7-64-agl-linux/usr/lib/../lib/x86_64-agl-linux/6.2.0] ==> [/opt/poky-agl/4.0.2/sysroots/corei7-64-agl-linux/usr/lib/x86_64-agl-linux/6.2.0]
  collapse library dir [/opt/poky-agl/4.0.2/sysroots/corei7-64-agl-linux/usr/lib/x86_64-agl-linux/6.2.0] ==> [/opt/poky-agl/4.0.2/sysroots/corei7-64-agl-linux/usr/lib/x86_64-agl-linux/6.2.0]
  collapse library dir [/opt/poky-agl/4.0.2/sysroots/corei7-64-agl-linux/usr/lib/../lib] ==> [/opt/poky-agl/4.0.2/sysroots/corei7-64-agl-linux/usr/lib]
  collapse library dir [/opt/poky-agl/4.0.2/sysroots/corei7-64-agl-linux/lib] ==> [/opt/poky-agl/4.0.2/sysroots/corei7-64-agl-linux/lib]
  collapse library dir [/opt/poky-agl/4.0.2/sysroots/corei7-64-agl-linux/usr/lib] ==> [/opt/poky-agl/4.0.2/sysroots/corei7-64-agl-linux/usr/lib]
  implicit libs: [stdc++;m;c]
  implicit dirs: [/opt/poky-agl/4.0.2/sysroots/x86_64-aglsdk-linux/usr/lib/x86_64-agl-linux/gcc/x86_64-agl-linux/6.2.0;/opt/poky-agl/4.0.2/sysroots/corei7-64-agl-linux/lib;/opt/poky-agl/4.0.2/sysroots/corei7-64-agl-linux/usr/lib/x86_64-agl-linux/6.2.0;/opt/poky-agl/4.0.2/sysroots/corei7-64-agl-linux/usr/lib]
  implicit fwks: []




Detecting CXX [-std=c++14] compiler features compiled with the following output:
Change Dir: /home/vgn5kor/AGL_apps/gerrit_apps/low-level-can-service/build/CMakeFiles/CMakeTmp

Run Build Command:"/usr/bin/make" "cmTC_8ef61/fast"
make[1]: Entering directory '/home/vgn5kor/AGL_apps/gerrit_apps/low-level-can-service/build/CMakeFiles/CMakeTmp'
/usr/bin/make -f CMakeFiles/cmTC_8ef61.dir/build.make CMakeFiles/cmTC_8ef61.dir/build
make[2]: Entering directory '/home/vgn5kor/AGL_apps/gerrit_apps/low-level-can-service/build/CMakeFiles/CMakeTmp'
Building CXX object CMakeFiles/cmTC_8ef61.dir/feature_tests.cxx.o
/opt/poky-agl/4.0.2/sysroots/x86_64-aglsdk-linux/usr/bin/x86_64-agl-linux/x86_64-agl-linux-g++   -march=corei7 -mtune=corei7 -mfpmath=sse -msse4.2 --sysroot=/opt/poky-agl/4.0.2/sysroots/corei7-64-agl-linux    -O2 -pipe -g -feliminate-unused-debug-types      -std=c++14 -o CMakeFiles/cmTC_8ef61.dir/feature_tests.cxx.o -c /home/vgn5kor/AGL_apps/gerrit_apps/low-level-can-service/build/CMakeFiles/feature_tests.cxx
Linking CXX executable cmTC_8ef61
/opt/poky-agl/4.0.2/sysroots/x86_64-aglsdk-linux/usr/bin/cmake -E cmake_link_script CMakeFiles/cmTC_8ef61.dir/link.txt --verbose=1
/opt/poky-agl/4.0.2/sysroots/x86_64-aglsdk-linux/usr/bin/x86_64-agl-linux/x86_64-agl-linux-g++   -march=corei7 -mtune=corei7 -mfpmath=sse -msse4.2 --sysroot=/opt/poky-agl/4.0.2/sysroots/corei7-64-agl-linux   -O2 -pipe -g -feliminate-unused-debug-types      -Wl,-O1 -Wl,--hash-style=gnu -Wl,--as-needed  CMakeFiles/cmTC_8ef61.dir/feature_tests.cxx.o  -o cmTC_8ef61 -rdynamic 
make[2]: Leaving directory '/home/vgn5kor/AGL_apps/gerrit_apps/low-level-can-service/build/CMakeFiles/CMakeTmp'
make[1]: Leaving directory '/home/vgn5kor/AGL_apps/gerrit_apps/low-level-can-service/build/CMakeFiles/CMakeTmp'


    Feature record: CXX_FEATURE:1cxx_aggregate_default_initializers
    Feature record: CXX_FEATURE:1cxx_alias_templates
    Feature record: CXX_FEATURE:1cxx_alignas
    Feature record: CXX_FEATURE:1cxx_alignof
    Feature record: CXX_FEATURE:1cxx_attributes
    Feature record: CXX_FEATURE:1cxx_attribute_deprecated
    Feature record: CXX_FEATURE:1cxx_auto_type
    Feature record: CXX_FEATURE:1cxx_binary_literals
    Feature record: CXX_FEATURE:1cxx_constexpr
    Feature record: CXX_FEATURE:1cxx_contextual_conversions
    Feature record: CXX_FEATURE:1cxx_decltype
    Feature record: CXX_FEATURE:1cxx_decltype_auto
    Feature record: CXX_FEATURE:1cxx_decltype_incomplete_return_types
    Feature record: CXX_FEATURE:1cxx_default_function_template_args
    Feature record: CXX_FEATURE:1cxx_defaulted_functions
    Feature record: CXX_FEATURE:1cxx_defaulted_move_initializers
    Feature record: CXX_FEATURE:1cxx_delegating_constructors
    Feature record: CXX_FEATURE:1cxx_deleted_functions
    Feature record: CXX_FEATURE:1cxx_digit_separators
    Feature record: CXX_FEATURE:1cxx_enum_forward_declarations
    Feature record: CXX_FEATURE:1cxx_explicit_conversions
    Feature record: CXX_FEATURE:1cxx_extended_friend_declarations
    Feature record: CXX_FEATURE:1cxx_extern_templates
    Feature record: CXX_FEATURE:1cxx_final
    Feature record: CXX_FEATURE:1cxx_func_identifier
    Feature record: CXX_FEATURE:1cxx_generalized_initializers
    Feature record: CXX_FEATURE:1cxx_generic_lambdas
    Feature record: CXX_FEATURE:1cxx_inheriting_constructors
    Feature record: CXX_FEATURE:1cxx_inline_namespaces
    Feature record: CXX_FEATURE:1cxx_lambdas
    Feature record: CXX_FEATURE:1cxx_lambda_init_captures
    Feature record: CXX_FEATURE:1cxx_local_type_template_args
    Feature record: CXX_FEATURE:1cxx_long_long_type
    Feature record: CXX_FEATURE:1cxx_noexcept
    Feature record: CXX_FEATURE:1cxx_nonstatic_member_init
    Feature record: CXX_FEATURE:1cxx_nullptr
    Feature record: CXX_FEATURE:1cxx_override
    Feature record: CXX_FEATURE:1cxx_range_for
    Feature record: CXX_FEATURE:1cxx_raw_string_literals
    Feature record: CXX_FEATURE:1cxx_reference_qualified_functions
    Feature record: CXX_FEATURE:1cxx_relaxed_constexpr
    Feature record: CXX_FEATURE:1cxx_return_type_deduction
    Feature record: CXX_FEATURE:1cxx_right_angle_brackets
    Feature record: CXX_FEATURE:1cxx_rvalue_references
    Feature record: CXX_FEATURE:1cxx_sizeof_member
    Feature record: CXX_FEATURE:1cxx_static_assert
    Feature record: CXX_FEATURE:1cxx_strong_enums
    Feature record: CXX_FEATURE:1cxx_template_template_parameters
    Feature record: CXX_FEATURE:1cxx_thread_local
    Feature record: CXX_FEATURE:1cxx_trailing_return_types
    Feature record: CXX_FEATURE:1cxx_unicode_literals
    Feature record: CXX_FEATURE:1cxx_uniform_initialization
    Feature record: CXX_FEATURE:1cxx_unrestricted_unions
    Feature record: CXX_FEATURE:1cxx_user_literals
    Feature record: CXX_FEATURE:1cxx_variable_templates
    Feature record: CXX_FEATURE:1cxx_variadic_macros
    Feature record: CXX_FEATURE:1cxx_variadic_templates


Detecting CXX [-std=c++11] compiler features compiled with the following output:
Change Dir: /home/vgn5kor/AGL_apps/gerrit_apps/low-level-can-service/build/CMakeFiles/CMakeTmp

Run Build Command:"/usr/bin/make" "cmTC_b2496/fast"
make[1]: Entering directory '/home/vgn5kor/AGL_apps/gerrit_apps/low-level-can-service/build/CMakeFiles/CMakeTmp'
/usr/bin/make -f CMakeFiles/cmTC_b2496.dir/build.make CMakeFiles/cmTC_b2496.dir/build
make[2]: Entering directory '/home/vgn5kor/AGL_apps/gerrit_apps/low-level-can-service/build/CMakeFiles/CMakeTmp'
Building CXX object CMakeFiles/cmTC_b2496.dir/feature_tests.cxx.o
/opt/poky-agl/4.0.2/sysroots/x86_64-aglsdk-linux/usr/bin/x86_64-agl-linux/x86_64-agl-linux-g++   -march=corei7 -mtune=corei7 -mfpmath=sse -msse4.2 --sysroot=/opt/poky-agl/4.0.2/sysroots/corei7-64-agl-linux    -O2 -pipe -g -feliminate-unused-debug-types      -std=c++11 -o CMakeFiles/cmTC_b2496.dir/feature_tests.cxx.o -c /home/vgn5kor/AGL_apps/gerrit_apps/low-level-can-service/build/CMakeFiles/feature_tests.cxx
Linking CXX executable cmTC_b2496
/opt/poky-agl/4.0.2/sysroots/x86_64-aglsdk-linux/usr/bin/cmake -E cmake_link_script CMakeFiles/cmTC_b2496.dir/link.txt --verbose=1
/opt/poky-agl/4.0.2/sysroots/x86_64-aglsdk-linux/usr/bin/x86_64-agl-linux/x86_64-agl-linux-g++   -march=corei7 -mtune=corei7 -mfpmath=sse -msse4.2 --sysroot=/opt/poky-agl/4.0.2/sysroots/corei7-64-agl-linux   -O2 -pipe -g -feliminate-unused-debug-types      -Wl,-O1 -Wl,--hash-style=gnu -Wl,--as-needed  CMakeFiles/cmTC_b2496.dir/feature_tests.cxx.o  -o cmTC_b2496 -rdynamic 
make[2]: Leaving directory '/home/vgn5kor/AGL_apps/gerrit_apps/low-level-can-service/build/CMakeFiles/CMakeTmp'
make[1]: Leaving directory '/home/vgn5kor/AGL_apps/gerrit_apps/low-level-can-service/build/CMakeFiles/CMakeTmp'


    Feature record: CXX_FEATURE:0cxx_aggregate_default_initializers
    Feature record: CXX_FEATURE:1cxx_alias_templates
    Feature record: CXX_FEATURE:1cxx_alignas
    Feature record: CXX_FEATURE:1cxx_alignof
    Feature record: CXX_FEATURE:1cxx_attributes
    Feature record: CXX_FEATURE:0cxx_attribute_deprecated
    Feature record: CXX_FEATURE:1cxx_auto_type
    Feature record: CXX_FEATURE:0cxx_binary_literals
    Feature record: CXX_FEATURE:1cxx_constexpr
    Feature record: CXX_FEATURE:0cxx_contextual_conversions
    Feature record: CXX_FEATURE:1cxx_decltype
    Feature record: CXX_FEATURE:0cxx_decltype_auto
    Feature record: CXX_FEATURE:1cxx_decltype_incomplete_return_types
    Feature record: CXX_FEATURE:1cxx_default_function_template_args
    Feature record: CXX_FEATURE:1cxx_defaulted_functions
    Feature record: CXX_FEATURE:1cxx_defaulted_move_initializers
    Feature record: CXX_FEATURE:1cxx_delegating_constructors
    Feature record: CXX_FEATURE:1cxx_deleted_functions
    Feature record: CXX_FEATURE:0cxx_digit_separators
    Feature record: CXX_FEATURE:1cxx_enum_forward_declarations
    Feature record: CXX_FEATURE:1cxx_explicit_conversions
    Feature record: CXX_FEATURE:1cxx_extended_friend_declarations
    Feature record: CXX_FEATURE:1cxx_extern_templates
    Feature record: CXX_FEATURE:1cxx_final
    Feature record: CXX_FEATURE:1cxx_func_identifier
    Feature record: CXX_FEATURE:1cxx_generalized_initializers
    Feature record: CXX_FEATURE:0cxx_generic_lambdas
    Feature record: CXX_FEATURE:1cxx_inheriting_constructors
    Feature record: CXX_FEATURE:1cxx_inline_namespaces
    Feature record: CXX_FEATURE:1cxx_lambdas
    Feature record: CXX_FEATURE:0cxx_lambda_init_captures
    Feature record: CXX_FEATURE:1cxx_local_type_template_args
    Feature record: CXX_FEATURE:1cxx_long_long_type
    Feature record: CXX_FEATURE:1cxx_noexcept
    Feature record: CXX_FEATURE:1cxx_nonstatic_member_init
    Feature record: CXX_FEATURE:1cxx_nullptr
    Feature record: CXX_FEATURE:1cxx_override
    Feature record: CXX_FEATURE:1cxx_range_for
    Feature record: CXX_FEATURE:1cxx_raw_string_literals
    Feature record: CXX_FEATURE:1cxx_reference_qualified_functions
    Feature record: CXX_FEATURE:0cxx_relaxed_constexpr
    Feature record: CXX_FEATURE:0cxx_return_type_deduction
    Feature record: CXX_FEATURE:1cxx_right_angle_brackets
    Feature record: CXX_FEATURE:1cxx_rvalue_references
    Feature record: CXX_FEATURE:1cxx_sizeof_member
    Feature record: CXX_FEATURE:1cxx_static_assert
    Feature record: CXX_FEATURE:1cxx_strong_enums
    Feature record: CXX_FEATURE:1cxx_template_template_parameters
    Feature record: CXX_FEATURE:1cxx_thread_local
    Feature record: CXX_FEATURE:1cxx_trailing_return_types
    Feature record: CXX_FEATURE:1cxx_unicode_literals
    Feature record: CXX_FEATURE:1cxx_uniform_initialization
    Feature record: CXX_FEATURE:1cxx_unrestricted_unions
    Feature record: CXX_FEATURE:1cxx_user_literals
    Feature record: CXX_FEATURE:0cxx_variable_templates
    Feature record: CXX_FEATURE:1cxx_variadic_macros
    Feature record: CXX_FEATURE:1cxx_variadic_templates


Detecting CXX [-std=c++98] compiler features compiled with the following output:
Change Dir: /home/vgn5kor/AGL_apps/gerrit_apps/low-level-can-service/build/CMakeFiles/CMakeTmp

Run Build Command:"/usr/bin/make" "cmTC_db5dd/fast"
make[1]: Entering directory '/home/vgn5kor/AGL_apps/gerrit_apps/low-level-can-service/build/CMakeFiles/CMakeTmp'
/usr/bin/make -f CMakeFiles/cmTC_db5dd.dir/build.make CMakeFiles/cmTC_db5dd.dir/build
make[2]: Entering directory '/home/vgn5kor/AGL_apps/gerrit_apps/low-level-can-service/build/CMakeFiles/CMakeTmp'
Building CXX object CMakeFiles/cmTC_db5dd.dir/feature_tests.cxx.o
/opt/poky-agl/4.0.2/sysroots/x86_64-aglsdk-linux/usr/bin/x86_64-agl-linux/x86_64-agl-linux-g++   -march=corei7 -mtune=corei7 -mfpmath=sse -msse4.2 --sysroot=/opt/poky-agl/4.0.2/sysroots/corei7-64-agl-linux    -O2 -pipe -g -feliminate-unused-debug-types      -std=c++98 -o CMakeFiles/cmTC_db5dd.dir/feature_tests.cxx.o -c /home/vgn5kor/AGL_apps/gerrit_apps/low-level-can-service/build/CMakeFiles/feature_tests.cxx
Linking CXX executable cmTC_db5dd
/opt/poky-agl/4.0.2/sysroots/x86_64-aglsdk-linux/usr/bin/cmake -E cmake_link_script CMakeFiles/cmTC_db5dd.dir/link.txt --verbose=1
/opt/poky-agl/4.0.2/sysroots/x86_64-aglsdk-linux/usr/bin/x86_64-agl-linux/x86_64-agl-linux-g++   -march=corei7 -mtune=corei7 -mfpmath=sse -msse4.2 --sysroot=/opt/poky-agl/4.0.2/sysroots/corei7-64-agl-linux   -O2 -pipe -g -feliminate-unused-debug-types      -Wl,-O1 -Wl,--hash-style=gnu -Wl,--as-needed  CMakeFiles/cmTC_db5dd.dir/feature_tests.cxx.o  -o cmTC_db5dd -rdynamic 
make[2]: Leaving directory '/home/vgn5kor/AGL_apps/gerrit_apps/low-level-can-service/build/CMakeFiles/CMakeTmp'
make[1]: Leaving directory '/home/vgn5kor/AGL_apps/gerrit_apps/low-level-can-service/build/CMakeFiles/CMakeTmp'


    Feature record: CXX_FEATURE:0cxx_aggregate_default_initializers
    Feature record: CXX_FEATURE:0cxx_alias_templates
    Feature record: CXX_FEATURE:0cxx_alignas
    Feature record: CXX_FEATURE:0cxx_alignof
    Feature record: CXX_FEATURE:0cxx_attributes
    Feature record: CXX_FEATURE:0cxx_attribute_deprecated
    Feature record: CXX_FEATURE:0cxx_auto_type
    Feature record: CXX_FEATURE:0cxx_binary_literals
    Feature record: CXX_FEATURE:0cxx_constexpr
    Feature record: CXX_FEATURE:0cxx_contextual_conversions
    Feature record: CXX_FEATURE:0cxx_decltype
    Feature record: CXX_FEATURE:0cxx_decltype_auto
    Feature record: CXX_FEATURE:0cxx_decltype_incomplete_return_types
    Feature record: CXX_FEATURE:0cxx_default_function_template_args
    Feature record: CXX_FEATURE:0cxx_defaulted_functions
    Feature record: CXX_FEATURE:0cxx_defaulted_move_initializers
    Feature record: CXX_FEATURE:0cxx_delegating_constructors
    Feature record: CXX_FEATURE:0cxx_deleted_functions
    Feature record: CXX_FEATURE:0cxx_digit_separators
    Feature record: CXX_FEATURE:0cxx_enum_forward_declarations
    Feature record: CXX_FEATURE:0cxx_explicit_conversions
    Feature record: CXX_FEATURE:0cxx_extended_friend_declarations
    Feature record: CXX_FEATURE:0cxx_extern_templates
    Feature record: CXX_FEATURE:0cxx_final
    Feature record: CXX_FEATURE:0cxx_func_identifier
    Feature record: CXX_FEATURE:0cxx_generalized_initializers
    Feature record: CXX_FEATURE:0cxx_generic_lambdas
    Feature record: CXX_FEATURE:0cxx_inheriting_constructors
    Feature record: CXX_FEATURE:0cxx_inline_namespaces
    Feature record: CXX_FEATURE:0cxx_lambdas
    Feature record: CXX_FEATURE:0cxx_lambda_init_captures
    Feature record: CXX_FEATURE:0cxx_local_type_template_args
    Feature record: CXX_FEATURE:0cxx_long_long_type
    Feature record: CXX_FEATURE:0cxx_noexcept
    Feature record: CXX_FEATURE:0cxx_nonstatic_member_init
    Feature record: CXX_FEATURE:0cxx_nullptr
    Feature record: CXX_FEATURE:0cxx_override
    Feature record: CXX_FEATURE:0cxx_range_for
    Feature record: CXX_FEATURE:0cxx_raw_string_literals
    Feature record: CXX_FEATURE:0cxx_reference_qualified_functions
    Feature record: CXX_FEATURE:0cxx_relaxed_constexpr
    Feature record: CXX_FEATURE:0cxx_return_type_deduction
    Feature record: CXX_FEATURE:0cxx_right_angle_brackets
    Feature record: CXX_FEATURE:0cxx_rvalue_references
    Feature record: CXX_FEATURE:0cxx_sizeof_member
    Feature record: CXX_FEATURE:0cxx_static_assert
    Feature record: CXX_FEATURE:0cxx_strong_enums
    Feature record: CXX_FEATURE:1cxx_template_template_parameters
    Feature record: CXX_FEATURE:0cxx_thread_local
    Feature record: CXX_FEATURE:0cxx_trailing_return_types
    Feature record: CXX_FEATURE:0cxx_unicode_literals
    Feature record: CXX_FEATURE:0cxx_uniform_initialization
    Feature record: CXX_FEATURE:0cxx_unrestricted_unions
    Feature record: CXX_FEATURE:0cxx_user_literals
    Feature record: CXX_FEATURE:0cxx_variable_templates
    Feature record: CXX_FEATURE:0cxx_variadic_macros
    Feature record: CXX_FEATURE:0cxx_variadic_templates
